
> mdb@0.0.0 start /root/evolve/evolve
> node ./bin/www

[0mGET /robots.txt [33m404 [0m289.276 ms - 1012[0m
[0mGET / [32m200 [0m293.532 ms - 17148[0m
[0mGET /css/style.css [32m200 [0m1.663 ms - 468[0m
[0mGET /img/education2.jpg [32m200 [0m1.411 ms - 74699[0m
[0mGET /img/education3.jpg [32m200 [0m0.773 ms - 57303[0m
[0mGET /css/bootstrap.min.css [32m200 [0m1.284 ms - 155828[0m
[0mGET /js/jquery-3.3.1.min.js [32m200 [0m0.587 ms - 86927[0m
[0mGET /img/education1.jpg [32m200 [0m1.987 ms - 60196[0m
[0mGET /js/popper.min.js [32m200 [0m0.533 ms - 20537[0m
[0mGET /css/mdb.min.css [32m200 [0m1.483 ms - 250911[0m
[0mGET /js/bootstrap.min.js [32m200 [0m0.662 ms - 58072[0m
[0mGET /css/img/logo.png [33m404 [0m18.719 ms - 1012[0m
[0mGET /font/roboto/Roboto-Bold.woff2 [32m200 [0m0.800 ms - 49976[0m
[0mGET /font/roboto/Roboto-Regular.woff2 [32m200 [0m1.210 ms - 49236[0m
[0mGET /font/roboto/Roboto-Light.woff2 [32m200 [0m1.082 ms - 49380[0m
[0mGET /img/svg/arrow_left.svg [32m200 [0m0.979 ms - 215[0m
[0mGET /img/svg/arrow_right.svg [32m200 [0m1.020 ms - 214[0m
[0mGET /js/mdb.js [32m200 [0m0.620 ms - 478425[0m
[0mGET /favicon.ico [33m404 [0m14.586 ms - 1012[0m
Killed
npm ERR! code ELIFECYCLE
npm ERR! errno 137
npm ERR! mdb@0.0.0 start: `node ./bin/www`
npm ERR! Exit status 137
npm ERR! 
npm ERR! Failed at the mdb@0.0.0 start script.
npm ERR! This is probably not a problem with npm. There is likely additional logging output above.

npm ERR! A complete log of this run can be found in:
npm ERR!     /root/.npm/_logs/2019-03-16T06_19_25_476Z-debug.log

> mdb@0.0.0 start /root/evolve/evolve
> node ./bin/www

[0mGET / [32m200 [0m7.455 ms - 17137[0m
[0mGET /css/style.css [32m200 [0m1.195 ms - 468[0m
[0mGET /img/education1.jpg [32m200 [0m0.719 ms - 60196[0m
[0mGET /img/education2.jpg [32m200 [0m0.474 ms - 74699[0m
[0mGET /css/bootstrap.min.css [32m200 [0m1.731 ms - 155828[0m
[0mGET /img/education3.jpg [32m200 [0m0.724 ms - 57303[0m
[0mGET /js/jquery-3.3.1.min.js [32m200 [0m0.625 ms - 86927[0m
[0mGET /js/bootstrap.min.js [32m200 [0m0.702 ms - 58072[0m
[0mGET /js/popper.min.js [32m200 [0m0.962 ms - 20537[0m
[0mGET /css/mdb.min.css [32m200 [0m1.505 ms - 250911[0m
[0mGET /css/img/logo.png [33m404 [0m278.539 ms - 1012[0m
[0mGET /font/roboto/Roboto-Bold.woff2 [32m200 [0m0.932 ms - 49976[0m
[0mGET /font/roboto/Roboto-Regular.woff2 [32m200 [0m0.562 ms - 49236[0m
[0mGET /font/roboto/Roboto-Light.woff2 [32m200 [0m0.609 ms - 49380[0m
[0mGET /img/svg/arrow_left.svg [32m200 [0m1.088 ms - 215[0m
[0mGET /img/svg/arrow_right.svg [32m200 [0m0.921 ms - 214[0m
[0mGET /js/mdb.js [32m200 [0m0.714 ms - 478425[0m
[0mGET /favicon.ico [33m404 [0m13.445 ms - 1012[0m
[0mGET / [36m304 [0m1.327 ms - -[0m
[0mGET /css/mdb.min.css [36m304 [0m0.838 ms - -[0m
[0mGET /css/bootstrap.min.css [36m304 [0m0.518 ms - -[0m
[0mGET /css/style.css [36m304 [0m0.356 ms - -[0m
[0mGET /img/education1.jpg [36m304 [0m0.381 ms - -[0m
[0mGET /img/education2.jpg [36m304 [0m0.358 ms - -[0m
[0mGET /js/bootstrap.min.js [36m304 [0m0.419 ms - -[0m
[0mGET /js/popper.min.js [36m304 [0m0.317 ms - -[0m
[0mGET /js/jquery-3.3.1.min.js [36m304 [0m0.853 ms - -[0m
[0mGET /js/mdb.js [36m304 [0m0.784 ms - -[0m
[0mGET /img/education3.jpg [36m304 [0m0.284 ms - -[0m
[0mGET /css/img/logo.png [33m404 [0m23.065 ms - 1012[0m
[0mGET /img/svg/arrow_left.svg [36m304 [0m23.294 ms - -[0m
[0mGET /font/roboto/Roboto-Light.woff2 [36m304 [0m0.708 ms - -[0m
[0mGET /font/roboto/Roboto-Bold.woff2 [36m304 [0m0.656 ms - -[0m
[0mGET /img/svg/arrow_right.svg [36m304 [0m0.254 ms - -[0m
[0mGET /font/roboto/Roboto-Regular.woff2 [36m304 [0m0.359 ms - -[0m
[0mGET /css/bootstrap.min.css [36m304 [0m0.331 ms - -[0m
[0mGET /css/mdb.min.css [36m304 [0m0.287 ms - -[0m
[0mGET /css/style.css [36m304 [0m0.404 ms - -[0m
[0mGET /js/bootstrap.min.js.map [33m404 [0m23.737 ms - 1012[0m
[0mGET /css/bootstrap.min.css.map [33m404 [0m9.840 ms - 1012[0m
[0mGET / [32m200 [0m1.093 ms - 17209[0m
[0mGET /css/bootstrap.min.css [36m304 [0m0.436 ms - -[0m
[0mGET /css/mdb.min.css [36m304 [0m0.303 ms - -[0m
[0mGET /css/style.css [36m304 [0m0.229 ms - -[0m
[0mGET /img/education1.jpg [36m304 [0m0.476 ms - -[0m
[0mGET /img/education2.jpg [36m304 [0m0.429 ms - -[0m
[0mGET /img/education3.jpg [36m304 [0m0.418 ms - -[0m
[0mGET /js/jquery-3.3.1.min.js [36m304 [0m0.492 ms - -[0m
[0mGET /js/popper.min.js [36m304 [0m0.294 ms - -[0m
[0mGET /js/mdb.js [36m304 [0m0.357 ms - -[0m
[0mGET /js/bootstrap.min.js [36m304 [0m0.315 ms - -[0m
[0mGET /css/img/logo.png [33m404 [0m16.737 ms - 1012[0m
[0mGET /img/svg/arrow_left.svg [36m304 [0m0.799 ms - -[0m
[0mGET /font/roboto/Roboto-Regular.woff2 [36m304 [0m0.636 ms - -[0m
[0mGET /font/roboto/Roboto-Light.woff2 [36m304 [0m0.259 ms - -[0m
[0mGET /font/roboto/Roboto-Bold.woff2 [36m304 [0m0.436 ms - -[0m
[0mGET /img/svg/arrow_right.svg [36m304 [0m0.431 ms - -[0m
[0mGET /css/bootstrap.min.css.map [33m404 [0m24.417 ms - 1012[0m
[0mGET /js/bootstrap.min.js.map [33m404 [0m9.962 ms - 1012[0m
[0mGET / [36m304 [0m0.523 ms - -[0m
[0mGET /css/bootstrap.min.css [36m304 [0m0.424 ms - -[0m
[0mGET /css/mdb.min.css [36m304 [0m0.368 ms - -[0m
[0mGET /css/style.css [36m304 [0m0.389 ms - -[0m
[0mGET /js/jquery-3.3.1.min.js [36m304 [0m0.472 ms - -[0m
[0mGET /img/education1.jpg [36m304 [0m0.432 ms - -[0m
[0mGET /img/education2.jpg [36m304 [0m0.558 ms - -[0m
[0mGET /js/popper.min.js [36m304 [0m0.563 ms - -[0m
[0mGET /js/bootstrap.min.js [36m304 [0m0.479 ms - -[0m
[0mGET /js/mdb.js [36m304 [0m0.347 ms - -[0m
[0mGET /img/education3.jpg [36m304 [0m0.626 ms - -[0m
[0mGET /css/img/logo.png [33m404 [0m14.990 ms - 1012[0m
[0mGET /font/roboto/Roboto-Light.woff2 [36m304 [0m1.100 ms - -[0m
[0mGET /img/svg/arrow_left.svg [36m304 [0m1.060 ms - -[0m
[0mGET /img/svg/arrow_right.svg [36m304 [0m1.085 ms - -[0m
[0mGET /font/roboto/Roboto-Bold.woff2 [36m304 [0m0.448 ms - -[0m
[0mGET /font/roboto/Roboto-Regular.woff2 [36m304 [0m0.364 ms - -[0m
[0mGET /css/mdb.min.css [36m304 [0m0.375 ms - -[0m
[0mGET /css/bootstrap.min.css [36m304 [0m0.423 ms - -[0m
[0mGET /js/bootstrap.min.js.map [33m404 [0m14.218 ms - 1012[0m
[0mGET /css/style.css [36m304 [0m14.362 ms - -[0m
[0mGET /css/bootstrap.min.css.map [33m404 [0m14.141 ms - 1012[0m
[0mGET / [32m200 [0m0.631 ms - 17209[0m
[0mGET /css/style.css [32m200 [0m1.014 ms - 468[0m
[0mGET /img/education1.jpg [32m200 [0m1.051 ms - 60196[0m
[0mGET /img/education2.jpg [32m200 [0m0.613 ms - 74699[0m
[0mGET /img/education3.jpg [32m200 [0m0.690 ms - 57303[0m
[0mGET /css/mdb.min.css [32m200 [0m0.762 ms - 250911[0m
[0mGET /css/bootstrap.min.css [32m200 [0m0.647 ms - 155828[0m
[0mGET /js/popper.min.js [32m200 [0m0.659 ms - 20537[0m
[0mGET /js/bootstrap.min.js [32m200 [0m0.571 ms - 58072[0m
[0mGET /js/jquery-3.3.1.min.js [32m200 [0m0.670 ms - 86927[0m
[0mGET /img/svg/arrow_left.svg [32m200 [0m0.551 ms - 215[0m
[0mGET /font/roboto/Roboto-Bold.woff2 [32m200 [0m0.576 ms - 49976[0m
[0mGET /js/mdb.js [32m200 [0m0.618 ms - 478425[0m
[0mGET /img/svg/arrow_right.svg [32m200 [0m0.778 ms - 214[0m
[0mGET /font/roboto/Roboto-Light.woff2 [32m200 [0m0.724 ms - 49380[0m
[0mGET /css/img/logo.png [33m404 [0m14.723 ms - 1012[0m
[0mGET /font/roboto/Roboto-Regular.woff2 [32m200 [0m0.674 ms - 49236[0m
[0mGET /favicon.ico [33m404 [0m15.174 ms - 1012[0m
[0mGET / [32m200 [0m1.413 ms - 17209[0m
[0mGET / [32m200 [0m0.589 ms - 17209[0m
[0mGET / [36m304 [0m0.360 ms - -[0m
[0mGET / [32m200 [0m1.713 ms - 17209[0m
[0mGET / [32m200 [0m0.704 ms - 17209[0m
[0mGET /js/jquery-3.3.1.min.js [32m200 [0m0.501 ms - 86927[0m
[0mGET /img/education1.jpg [32m200 [0m0.665 ms - 60196[0m
[0mGET /css/style.css [32m200 [0m0.647 ms - 468[0m
[0mGET /img/education2.jpg [32m200 [0m0.549 ms - 74699[0m
[0mGET /css/bootstrap.min.css [32m200 [0m0.584 ms - 155828[0m
[0mGET /css/mdb.min.css [32m200 [0m0.377 ms - 250911[0m
[0mGET /js/popper.min.js [32m200 [0m1.749 ms - 20537[0m
[0mGET /js/bootstrap.min.js [32m200 [0m0.570 ms - 58072[0m
[0mGET /js/mdb.js [32m200 [0m0.616 ms - 478425[0m
[0mGET /img/education3.jpg [32m200 [0m0.651 ms - 57303[0m
[0mGET /font/roboto/Roboto-Light.woff2 [32m200 [0m0.701 ms - 49380[0m
[0mGET /img/svg/arrow_right.svg [32m200 [0m0.589 ms - 214[0m
[0mGET /img/svg/arrow_left.svg [32m200 [0m0.709 ms - 215[0m
[0mGET /css/img/logo.png [33m404 [0m14.930 ms - 1012[0m
[0mGET /font/roboto/Roboto-Bold.woff2 [32m200 [0m0.532 ms - 49976[0m
[0mGET /font/roboto/Roboto-Regular.woff2 [32m200 [0m0.485 ms - 49236[0m
[0mGET /favicon.ico [33m404 [0m11.009 ms - 1012[0m
[0mGET /css/bootstrap.min.css [36m304 [0m1.201 ms - -[0m
[0mGET /css/style.css [36m304 [0m0.335 ms - -[0m
[0mGET /css/mdb.min.css [36m304 [0m0.428 ms - -[0m
[0mGET /css/img/logo.png [33m404 [0m6.214 ms - 1012[0m
[0mGET /img/svg/arrow_left.svg [36m304 [0m0.427 ms - -[0m
[0mGET /js/popper.min.js [36m304 [0m0.309 ms - -[0m
[0mGET /img/svg/arrow_right.svg [36m304 [0m0.327 ms - -[0m
[0mGET /img/education2.jpg [36m304 [0m0.484 ms - -[0m
[0mGET /img/education1.jpg [36m304 [0m0.359 ms - -[0m
[0mGET /js/jquery-3.3.1.min.js [36m304 [0m1.133 ms - -[0m
[0mGET /img/education3.jpg [36m304 [0m1.186 ms - -[0m
[0mGET /js/bootstrap.min.js [36m304 [0m0.496 ms - -[0m
[0mGET /js/mdb.js [36m304 [0m0.527 ms - -[0m
[0mGET /font/roboto/Roboto-Regular.woff2 [36m304 [0m0.355 ms - -[0m
[0mGET /font/roboto/Roboto-Bold.woff2 [36m304 [0m0.328 ms - -[0m
[0mGET /font/roboto/Roboto-Light.woff2 [36m304 [0m0.355 ms - -[0m
[0mGET / [32m200 [0m0.544 ms - 17209[0m
[0mGET / [32m200 [0m0.530 ms - 17209[0m
[0mGET / [32m200 [0m0.855 ms - 17209[0m
[0mGET / [32m200 [0m0.553 ms - 17209[0m
[0mGET / [36m304 [0m0.343 ms - -[0m
[0mGET /css/bootstrap.min.css [36m304 [0m0.467 ms - -[0m
[0mGET /css/mdb.min.css [36m304 [0m0.392 ms - -[0m
[0mGET /css/style.css [36m304 [0m0.370 ms - -[0m
[0mGET /js/jquery-3.3.1.min.js [36m304 [0m0.331 ms - -[0m
[0mGET /img/education1.jpg [36m304 [0m0.401 ms - -[0m
[0mGET /js/popper.min.js [36m304 [0m0.448 ms - -[0m
[0mGET /js/mdb.js [36m304 [0m0.384 ms - -[0m
[0mGET /img/education2.jpg [36m304 [0m0.223 ms - -[0m
[0mGET /js/bootstrap.min.js [36m304 [0m0.270 ms - -[0m
[0mGET /img/education3.jpg [36m304 [0m0.387 ms - -[0m
[0mGET /css/img/logo.png [33m404 [0m6.118 ms - 1012[0m
[0mGET /font/roboto/Roboto-Light.woff2 [36m304 [0m0.323 ms - -[0m
[0mGET /img/svg/arrow_right.svg [36m304 [0m0.343 ms - -[0m
[0mGET /img/svg/arrow_left.svg [36m304 [0m0.400 ms - -[0m
[0mGET /font/roboto/Roboto-Bold.woff2 [36m304 [0m0.312 ms - -[0m
[0mGET /font/roboto/Roboto-Regular.woff2 [36m304 [0m0.324 ms - -[0m
[0mGET / [36m304 [0m0.357 ms - -[0m
[0mGET /css/bootstrap.min.css [36m304 [0m0.420 ms - -[0m
[0mGET /css/mdb.min.css [36m304 [0m0.323 ms - -[0m
[0mGET /css/style.css [36m304 [0m0.399 ms - -[0m
[0mGET /js/jquery-3.3.1.min.js [36m304 [0m0.357 ms - -[0m
[0mGET /img/education1.jpg [36m304 [0m0.294 ms - -[0m
[0mGET /img/education2.jpg [36m304 [0m0.847 ms - -[0m
[0mGET /js/popper.min.js [36m304 [0m0.392 ms - -[0m
[0mGET /js/bootstrap.min.js [36m304 [0m0.260 ms - -[0m
[0mGET /js/mdb.js [36m304 [0m0.310 ms - -[0m
[0mGET /img/education3.jpg [36m304 [0m0.306 ms - -[0m
[0mGET /css/img/logo.png [33m404 [0m9.722 ms - 1012[0m
[0mGET /img/svg/arrow_left.svg [36m304 [0m0.432 ms - -[0m
[0mGET /img/svg/arrow_right.svg [36m304 [0m0.655 ms - -[0m
[0mGET /font/roboto/Roboto-Regular.woff2 [36m304 [0m0.692 ms - -[0m
[0mGET /font/roboto/Roboto-Light.woff2 [36m304 [0m0.299 ms - -[0m
[0mGET /font/roboto/Roboto-Bold.woff2 [36m304 [0m0.300 ms - -[0m
[0mGET / [32m200 [0m0.775 ms - 17209[0m
[0mGET /css/bootstrap.min.css [36m304 [0m0.459 ms - -[0m
[0mGET /css/mdb.min.css [36m304 [0m0.300 ms - -[0m
[0mGET /img/education1.jpg [36m304 [0m0.454 ms - -[0m
[0mGET /js/popper.min.js [36m304 [0m0.630 ms - -[0m
[0mGET /img/education2.jpg [36m304 [0m0.521 ms - -[0m
[0mGET /css/style.css [36m304 [0m0.261 ms - -[0m
[0mGET /img/education3.jpg [36m304 [0m0.309 ms - -[0m
[0mGET /js/jquery-3.3.1.min.js [36m304 [0m0.275 ms - -[0m
[0mGET /js/bootstrap.min.js [36m304 [0m0.421 ms - -[0m
[0mGET /js/mdb.js [36m304 [0m0.314 ms - -[0m
[0mGET /css/img/logo.png [33m404 [0m5.516 ms - 1012[0m
[0mGET /font/roboto/Roboto-Light.woff2 [36m304 [0m0.264 ms - -[0m
[0mGET /img/svg/arrow_left.svg [36m304 [0m0.390 ms - -[0m
[0mGET /font/roboto/Roboto-Bold.woff2 [36m304 [0m0.306 ms - -[0m
[0mGET /font/roboto/Roboto-Regular.woff2 [36m304 [0m0.320 ms - -[0m
[0mGET /img/svg/arrow_right.svg [36m304 [0m0.348 ms - -[0m
[0mGET /favicon.ico [33m404 [0m10.807 ms - 1012[0m
[0mGET /favicon.ico [33m404 [0m9.556 ms - 1012[0m
[0mGET / [32m200 [0m0.659 ms - 17209[0m
[0mGET / [32m200 [0m1.087 ms - 17209[0m
[0mGET / [32m200 [0m0.479 ms - 17209[0m
[0mHEAD /redirect.php [33m404 [0m4.552 ms - 1012[0m
[0mGET / [32m200 [0m0.749 ms - 17209[0m
[0mGET /.env [33m404 [0m9.856 ms - 1012[0m
[0mGET /.git/config [33m404 [0m7.214 ms - 1012[0m
[0mGET / [32m200 [0m0.531 ms - 17209[0m
[0mGET / [32m200 [0m0.510 ms - 17209[0m
[0mGET /robots.txt [33m404 [0m4.963 ms - 1012[0m
[0mGET /sitemap.xml [33m404 [0m9.508 ms - 1012[0m
[0mGET /.well-known/security.txt [33m404 [0m5.747 ms - 1012[0m
[0mGET /favicon.ico [33m404 [0m6.042 ms - 1012[0m
[0mGET / [32m200 [0m0.461 ms - 17209[0m
[0mGET / [32m200 [0m0.520 ms - 17209[0m
[0mGET /css/bootstrap.min.css [32m200 [0m0.496 ms - 155828[0m
[0mGET /css/style.css [32m200 [0m0.574 ms - 468[0m
[0mGET /css/mdb.min.css [32m200 [0m0.541 ms - 250911[0m
[0mGET /js/jquery-3.3.1.min.js [32m200 [0m0.574 ms - 86927[0m
[0mGET /js/popper.min.js [32m200 [0m0.744 ms - 20537[0m
[0mGET /js/bootstrap.min.js [32m200 [0m0.710 ms - 58072[0m
[0mGET /img/education1.jpg [32m200 [0m0.500 ms - 60196[0m
[0mGET /img/education2.jpg [32m200 [0m0.519 ms - 74699[0m
[0mGET /img/education3.jpg [32m200 [0m0.521 ms - 57303[0m
[0mGET /font/roboto/Roboto-Bold.woff2 [32m200 [0m0.976 ms - 49976[0m
[0mGET /css/img/logo.png [33m404 [0m7.739 ms - 1012[0m
[0mGET /js/mdb.js [32m200 [0m0.442 ms - 478425[0m
[0mGET /img/svg/arrow_left.svg [32m200 [0m0.627 ms - 215[0m
[0mGET /img/svg/arrow_right.svg [32m200 [0m0.475 ms - 214[0m
[0mGET /font/roboto/Roboto-Regular.woff2 [32m200 [0m0.672 ms - 49236[0m
[0mGET /font/roboto/Roboto-Light.woff2 [32m200 [0m0.714 ms - 49380[0m
[0mGET /favicon.ico [33m404 [0m7.388 ms - 1012[0m
[0mGET / [32m200 [0m0.523 ms - 17209[0m
[0mGET / [32m200 [0m0.625 ms - 17209[0m
[0mGET / [32m200 [0m0.494 ms - 17209[0m
[0mGET / [32m200 [0m0.551 ms - 17209[0m
[0mGET / [32m200 [0m0.573 ms - 17209[0m
[0mPROPFIND / [33m404 [0m5.492 ms - 1012[0m
[0mGET /webdav/ [33m404 [0m6.501 ms - 1012[0m
[0mGET /App00a1599f.php [33m404 [0m12.634 ms - 1012[0m
[0mGET /java.php [33m404 [0m7.294 ms - 1012[0m
[0mGET /_query.php [33m404 [0m7.875 ms - 1012[0m
[0mGET /test.php [33m404 [0m5.941 ms - 1012[0m
[0mGET /db_cts.php [33m404 [0m5.487 ms - 1012[0m
[0mGET /db_pma.php [33m404 [0m5.377 ms - 1012[0m
[0mGET /logon.php [33m404 [0m7.842 ms - 1012[0m
[0mGET /help-e.php [33m404 [0m4.232 ms - 1012[0m
[0mGET /log.php [33m404 [0m5.389 ms - 1012[0m
[0mGET /hell.php [33m404 [0m5.796 ms - 1012[0m
[0mGET /pmd_online.php [33m404 [0m4.191 ms - 1012[0m
[0mGET /x.php [33m404 [0m5.562 ms - 1012[0m
[0mGET /shell.php [33m404 [0m6.664 ms - 1012[0m
[0mGET /htdocs.php [33m404 [0m7.376 ms - 1012[0m
[0mGET /desktop.ini.php [33m404 [0m5.016 ms - 1012[0m
[0mGET /z.php [33m404 [0m6.660 ms - 1012[0m
[0mGET /lala.php [33m404 [0m6.186 ms - 1012[0m
[0mGET /lala-dpr.php [33m404 [0m4.290 ms - 1012[0m
[0mGET /wpc.php [33m404 [0m4.870 ms - 1012[0m
[0mGET /t6nv.php [33m404 [0m9.668 ms - 1012[0m
[0mGET /muhstik.php [33m404 [0m8.087 ms - 1012[0m
[0mGET /text.php [33m404 [0m5.031 ms - 1012[0m
[0mGET /wp-config.php [33m404 [0m6.803 ms - 1012[0m
[0mGET /muhstik.php [33m404 [0m9.556 ms - 1012[0m
[0mGET /muhstik2.php [33m404 [0m7.214 ms - 1012[0m
[0mGET /muhstik-dpr.php [33m404 [0m6.363 ms - 1012[0m
[0mGET /lol.php [33m404 [0m5.509 ms - 1012[0m
[0mGET /uploader.php [33m404 [0m6.253 ms - 1012[0m
[0mGET /cmv.php [33m404 [0m9.798 ms - 1012[0m
[0mGET /cmdd.php [33m404 [0m7.187 ms - 1012[0m
[0mGET /knal.php [33m404 [0m4.116 ms - 1012[0m
[0mGET /shell.php [33m404 [0m4.380 ms - 1012[0m
[0mGET /appserv.php [33m404 [0m7.071 ms - 1012[0m
[0mGET /scripts/setup.php [33m404 [0m4.238 ms - 1012[0m
[0mGET /phpMyAdmin/scripts/setup.php [33m404 [0m5.975 ms - 1012[0m
[0mGET /phpmyadmin/scripts/db___.init.php [33m404 [0m6.458 ms - 1012[0m
[0mGET /phpMyAdmin/scripts/db___.init.php [33m404 [0m3.757 ms - 1012[0m
[0mGET /cacti/plugins/weathermap/editor.php [33m404 [0m4.010 ms - 1012[0m
[0mGET /d7.php [33m404 [0m4.642 ms - 1012[0m
[0mGET /rxr.php [33m404 [0m5.112 ms - 1012[0m
[0mGET /1x.php [33m404 [0m4.251 ms - 1012[0m
[0mGET /undx.php [33m404 [0m6.480 ms - 1012[0m
[0mGET /spider.php [33m404 [0m5.716 ms - 1012[0m
[0mGET /payload.php [33m404 [0m3.993 ms - 1012[0m
[0mGET /composers.php [33m404 [0m5.032 ms - 1012[0m
[0mGET /composer.php [33m404 [0m6.280 ms - 1012[0m
[0mGET /hue2.php [33m404 [0m7.438 ms - 1012[0m
[0mGET /Drupal.php [33m404 [0m4.087 ms - 1012[0m
[0mGET /lang.php?f=1 [33m404 [0m6.070 ms - 1012[0m
[0mGET /libraries/joomla/jmail.php?waled=1 [33m404 [0m4.466 ms - 1012[0m
[0mGET /libraries/joomla/jmails.php?waled=1 [33m404 [0m3.919 ms - 1012[0m
[0mGET /libraries/joomla/wl.php?0=1 [33m404 [0m5.515 ms - 1012[0m
[0mPOST /wuwu11.php [33m404 [0m21.251 ms - 1012[0m
[0mPOST /xw.php [33m404 [0m4.876 ms - 1012[0m
[0mPOST /xw1.php [33m404 [0m5.972 ms - 1012[0m
[0mPOST /9678.php [33m404 [0m4.260 ms - 1012[0m
[0mPOST /wc.php [33m404 [0m5.989 ms - 1012[0m
[0mPOST /xx.php [33m404 [0m6.893 ms - 1012[0m
[0mPOST /s.php [33m404 [0m5.261 ms - 1012[0m
[0mPOST /w.php [33m404 [0m5.549 ms - 1012[0m
[0mPOST /qaq.php [33m404 [0m5.042 ms - 1012[0m
[0mPOST /db.init.php [33m404 [0m6.586 ms - 1012[0m
[0mPOST /db_session.init.php [33m404 [0m3.684 ms - 1012[0m
[0mPOST /db__.init.php [33m404 [0m6.136 ms - 1012[0m
[0mPOST /m.php?pbid=open [33m404 [0m7.198 ms - 1012[0m
[0mPOST /099.php [33m404 [0m8.180 ms - 1012[0m
[0mPOST /_404.php [33m404 [0m5.352 ms - 1012[0m
[0mPOST /Alarg53.php [33m404 [0m4.499 ms - 1012[0m
[0mPOST /lapan.php [33m404 [0m6.066 ms - 1012[0m
[0mPOST /pk1914.php [33m404 [0m3.759 ms - 1012[0m
[0mPOST /sllolx.php [33m404 [0m7.089 ms - 1012[0m
[0mPOST /Skri.php [33m404 [0m5.959 ms - 1012[0m
[0mPOST /db_dataml.php [33m404 [0m3.743 ms - 1012[0m
[0mPOST /db_desql.php [33m404 [0m4.284 ms - 1012[0m
[0mPOST /wshell.php [33m404 [0m4.900 ms - 1012[0m
[0mPOST /xshell.php [33m404 [0m4.049 ms - 1012[0m
[0mPOST /qq.php [33m404 [0m5.220 ms - 1012[0m
[0mPOST /conflg.php [33m404 [0m4.833 ms - 1012[0m
[0mPOST /conflg.php [33m404 [0m11.163 ms - 1012[0m
[0mPOST /lindex.php [33m404 [0m6.770 ms - 1012[0m
[0mPOST /phpstudy.php [33m404 [0m4.225 ms - 1012[0m
[0mPOST /phpStudy.php [33m404 [0m9.018 ms - 1012[0m
[0mPOST /feixiang.php [33m404 [0m3.784 ms - 1012[0m
[0mPOST /ak47.php [33m404 [0m4.107 ms - 1012[0m
[0mPOST /ak48.php [33m404 [0m6.046 ms - 1012[0m
[0mPOST /xiao.php [33m404 [0m6.679 ms - 1012[0m
[0mPOST /yao.php [33m404 [0m3.444 ms - 1012[0m
[0mPOST /webslee.php [33m404 [0m4.244 ms - 1012[0m
[0mPOST /pe.php [33m404 [0m4.217 ms - 1012[0m
[0mPOST /hm.php [33m404 [0m5.069 ms - 1012[0m
[0mPOST /cainiao.php [33m404 [0m5.896 ms - 1012[0m
[0mPOST /zuoshou.php [33m404 [0m5.332 ms - 1012[0m
[0mPOST /zuo.php [33m404 [0m4.989 ms - 1012[0m
[0mPOST /aotu7.php [33m404 [0m4.487 ms - 1012[0m
[0mPOST /cmd.php [33m404 [0m4.594 ms - 1012[0m
[0mPOST /bak.php [33m404 [0m3.256 ms - 1012[0m
[0mPOST /system.php [33m404 [0m3.738 ms - 1012[0m
[0mPOST /l6.php [33m404 [0m5.896 ms - 1012[0m
[0mPOST /l7.php [33m404 [0m5.153 ms - 1012[0m
[0mPOST /q.php [33m404 [0m4.763 ms - 1012[0m
[0mPOST /56.php [33m404 [0m4.566 ms - 1012[0m
[0mPOST /mz.php [33m404 [0m4.249 ms - 1012[0m
[0mPOST /xx.php [33m404 [0m4.265 ms - 1012[0m
[0mGET /index.php [33m404 [0m6.644 ms - 1012[0m
[0mGET /phpmyadmin/index.php [33m404 [0m5.523 ms - 1012[0m
[0mGET /phpMyAdmin/index.php [33m404 [0m3.919 ms - 1012[0m
[0mGET /pmd/index.php [33m404 [0m3.594 ms - 1012[0m
[0mGET /PMA/index.php [33m404 [0m4.321 ms - 1012[0m
[0mGET /PMA2/index.php [33m404 [0m5.815 ms - 1012[0m
[0mGET /pmamy/index.php [33m404 [0m3.885 ms - 1012[0m
[0mGET /pmamy2/index.php [33m404 [0m4.187 ms - 1012[0m
[0mGET /admin/index.php [33m404 [0m11.180 ms - 1012[0m
[0mGET /db/index.php [33m404 [0m3.566 ms - 1012[0m
[0mGET /dbadmin/index.php [33m404 [0m4.128 ms - 1012[0m
[0mGET /web/phpMyAdmin/index.php [33m404 [0m4.015 ms - 1012[0m
[0mGET /admin/PMA/index.php [33m404 [0m3.837 ms - 1012[0m
[0mGET /admin/mysql/index.php [33m404 [0m4.160 ms - 1012[0m
[0mGET /admin/mysql2/index.php [33m404 [0m5.868 ms - 1012[0m
[0mGET /admin/phpmyadmin/index.php [33m404 [0m4.441 ms - 1012[0m
[0mGET /admin/phpMyAdmin/index.php [33m404 [0m3.689 ms - 1012[0m
[0mGET /admin/phpmyadmin2/index.php [33m404 [0m3.747 ms - 1012[0m
[0mGET /mysqladmin/index.php [33m404 [0m4.697 ms - 1012[0m
[0mGET /mysql-admin/index.php [33m404 [0m3.433 ms - 1012[0m
[0mGET /mysql_admin/index.php [33m404 [0m3.876 ms - 1012[0m
[0mGET /phpadmin/index.php [33m404 [0m4.092 ms - 1012[0m
[0mGET /phpAdmin/index.php [33m404 [0m6.358 ms - 1012[0m
[0mGET /phpmyadmin0/index.php [33m404 [0m5.183 ms - 1012[0m
[0mGET /phpmyadmin1/index.php [33m404 [0m5.625 ms - 1012[0m
[0mGET /phpMyAdmin-4.4.0/index.php [33m404 [0m3.985 ms - 1012[0m
[0mGET /myadmin/index.php [33m404 [0m3.935 ms - 1012[0m
[0mGET /myadmin2/index.php [33m404 [0m5.795 ms - 1012[0m
[0mGET /xampp/phpmyadmin/index.php [33m404 [0m4.363 ms - 1012[0m
[0mGET /www/phpMyAdmin/index.php [33m404 [0m5.116 ms - 1012[0m
[0mGET /tools/phpMyAdmin/index.php [33m404 [0m5.876 ms - 1012[0m
[0mGET /phpmyadmin-old/index.php [33m404 [0m5.189 ms - 1012[0m
[0mGET /phpMyAdmin.old/index.php [33m404 [0m4.816 ms - 1012[0m
[0mGET /pma-old/index.php [33m404 [0m4.930 ms - 1012[0m
[0mGET /claroline/phpMyAdmin/index.php [33m404 [0m4.134 ms - 1012[0m
[0mGET /typo3/phpmyadmin/index.php [33m404 [0m5.930 ms - 1012[0m
[0mGET /phpma/index.php [33m404 [0m3.268 ms - 1012[0m
[0mGET /phpmyadmin/phpmyadmin/index.php [33m404 [0m5.597 ms - 1012[0m
[0mGET /phpMyAdmin/phpMyAdmin/index.php [33m404 [0m5.455 ms - 1012[0m
[0mGET /phpMyAbmin/index.php [33m404 [0m5.549 ms - 1012[0m
[0mGET /phpMyAdmin__/index.php [33m404 [0m5.328 ms - 1012[0m
[0mGET /phpMyAdmin+++---/index.php [33m404 [0m4.764 ms - 1012[0m
[0mGET /v/index.php [33m404 [0m4.224 ms - 1012[0m
[0mGET /phpmyadm1n/index.php [33m404 [0m3.315 ms - 1012[0m
[0mGET /phpMyAdm1n/index.php [33m404 [0m5.953 ms - 1012[0m
[0mGET /shaAdmin/index.php [33m404 [0m5.707 ms - 1012[0m
[0mGET /phpMyadmi/index.php [33m404 [0m3.671 ms - 1012[0m
[0mGET /s/index.php [33m404 [0m5.288 ms - 1012[0m
[0mGET /MyAdmin/index.php [33m404 [0m4.520 ms - 1012[0m
[0mGET /phpMyAdmin1/index.php [33m404 [0m4.840 ms - 1012[0m
[0mGET /pwd/index.php [33m404 [0m4.216 ms - 1012[0m
[0mGET /phpMyAdmina/index.php [33m404 [0m4.044 ms - 1012[0m
[0mGET /phpMydmin/index.php [33m404 [0m3.597 ms - 1012[0m
[0mGET /phpMyAdmin._/index.php [33m404 [0m5.532 ms - 1012[0m
[0mGET /phpmyadmin2222/index.php [33m404 [0m14.439 ms - 1012[0m
[0mGET /php2MyAdmin/index.php [33m404 [0m6.033 ms - 1012[0m
[0mGET /phpNyAdmin/index.php [33m404 [0m3.559 ms - 1012[0m
[0mGET /program/index.php [33m404 [0m4.040 ms - 1012[0m
[0mGET /shopdb/index.php [33m404 [0m4.106 ms - 1012[0m
[0mGET /phppma/index.php [33m404 [0m3.926 ms - 1012[0m
[0mGET /phpmy/index.php [33m404 [0m4.449 ms - 1012[0m
[0mGET /mysql/admin/index.php [33m404 [0m4.122 ms - 1012[0m
[0mGET /mysql/dbadmin/index.php [33m404 [0m3.892 ms - 1012[0m
[0mGET /mysql/sqlmanager/index.php [33m404 [0m3.720 ms - 1012[0m
[0mGET /mysql/mysqlmanager/index.php [33m404 [0m4.495 ms - 1012[0m
[0mGET /wp-content/plugins/portable-phpmyadmin/wp-pma-mod/index.php [33m404 [0m4.253 ms - 1012[0m
[0mGET /manager/html [33m404 [0m4.131 ms - 1012[0m
[0mGET / [32m200 [0m0.524 ms - 17209[0m
[0mGET / [32m200 [0m0.524 ms - 17209[0m
[0mGET / [32m200 [0m0.542 ms - 17209[0m
[0mHEAD / [32m200 [0m0.519 ms - 17209[0m
[0mGET / [32m200 [0m0.758 ms - 17209[0m
[0mGET / [32m200 [0m0.509 ms - 17209[0m
[0mGET /js/jquery-3.3.1.min.js [32m200 [0m0.532 ms - 86927[0m
[0mGET /js/popper.min.js [32m200 [0m0.468 ms - 20537[0m
[0mGET /js/bootstrap.min.js [32m200 [0m0.595 ms - 58072[0m
[0mGET /js/mdb.js [32m200 [0m0.588 ms - 478425[0m
[0mGET / [32m200 [0m0.532 ms - 17209[0m
[0mGET /js/jquery-3.3.1.min.js [32m200 [0m0.452 ms - 86927[0m
[0mGET /css/bootstrap.min.css [32m200 [0m0.610 ms - 155828[0m
[0mGET /js/popper.min.js [32m200 [0m0.625 ms - 20537[0m
[0mGET /css/mdb.min.css [32m200 [0m0.488 ms - 250911[0m
[0mGET /js/mdb.js [32m200 [0m0.811 ms - 478425[0m
[0mGET /css/style.css [32m200 [0m0.645 ms - 468[0m
[0mGET /img/svg/arrow_right.svg [32m200 [0m0.698 ms - 214[0m
[0mGET /img/svg/arrow_left.svg [32m200 [0m0.572 ms - 215[0m
[0mGET /img/education2.jpg [32m200 [0m0.513 ms - 74699[0m
[0mGET / [32m200 [0m0.472 ms - 17209[0m
[0mGET /img/education3.jpg [32m200 [0m0.443 ms - 57303[0m
[0mGET /img/education1.jpg [32m200 [0m0.624 ms - 60196[0m
[0mGET / [32m200 [0m0.481 ms - 17209[0m
[0mGET / [32m200 [0m0.620 ms - 17209[0m
[0mGET / [32m200 [0m0.513 ms - 17209[0m
[0mGET /acadmin.php [33m404 [0m3.576 ms - 1012[0m
[0mGET ///admin/config.php [33m404 [0m3.781 ms - 1012[0m
[0mGET / [32m200 [0m0.476 ms - 17209[0m
[0mGET / [32m200 [0m0.532 ms - 17209[0m
[0mGET / [32m200 [0m0.448 ms - 17209[0m
[0mPROPFIND / [33m404 [0m6.039 ms - 1012[0m
[0mGET /webdav/ [33m404 [0m6.600 ms - 1012[0m
[0mGET /App00a1599f.php [33m404 [0m4.349 ms - 1012[0m
[0mGET /help.php [33m404 [0m4.440 ms - 1012[0m
[0mGET /_query.php [33m404 [0m5.504 ms - 1012[0m
[0mGET /test.php [33m404 [0m5.204 ms - 1012[0m
[0mGET /db_cts.php [33m404 [0m3.881 ms - 1012[0m
[0mGET /db_pma.php [33m404 [0m5.390 ms - 1012[0m
[0mGET /logon.php [33m404 [0m4.790 ms - 1012[0m
[0mGET /help-e.php [33m404 [0m5.222 ms - 1012[0m
[0mGET /license.php [33m404 [0m6.249 ms - 1012[0m
[0mGET /log.php [33m404 [0m5.251 ms - 1012[0m
[0mGET /pmd_online.php [33m404 [0m5.027 ms - 1012[0m
[0mGET /x.php [33m404 [0m4.456 ms - 1012[0m
[0mGET /shell.php [33m404 [0m3.976 ms - 1012[0m
[0mGET /htdocs.php [33m404 [0m5.751 ms - 1012[0m
[0mGET /desktop.ini.php [33m404 [0m4.256 ms - 1012[0m
[0mGET /z.php [33m404 [0m4.125 ms - 1012[0m
[0mGET /lala.php [33m404 [0m3.730 ms - 1012[0m
[0mGET /lala-dpr.php [33m404 [0m3.731 ms - 1012[0m
[0mGET /wpc.php [33m404 [0m4.161 ms - 1012[0m
[0mGET /wpo.php [33m404 [0m3.194 ms - 1012[0m
[0mGET /t6nv.php [33m404 [0m5.183 ms - 1012[0m
[0mGET /muhstik.php [33m404 [0m5.391 ms - 1012[0m
[0mGET /text.php [33m404 [0m4.628 ms - 1012[0m
[0mGET /muhstik.php [33m404 [0m5.208 ms - 1012[0m
[0mGET /muhstik2.php [33m404 [0m6.084 ms - 1012[0m
[0mGET /muhstik-dpr.php [33m404 [0m3.674 ms - 1012[0m
[0mGET /lol.php [33m404 [0m5.838 ms - 1012[0m
[0mGET /uploader.php [33m404 [0m5.170 ms - 1012[0m
[0mGET /cmv.php [33m404 [0m5.643 ms - 1012[0m
[0mGET /cmdd.php [33m404 [0m4.707 ms - 1012[0m
[0mGET /cmd.php [33m404 [0m7.093 ms - 1012[0m
[0mGET /shell.php [33m404 [0m5.760 ms - 1012[0m
[0mGET /appserv.php [33m404 [0m3.420 ms - 1012[0m
[0mGET /scripts/setup.php [33m404 [0m4.414 ms - 1012[0m
[0mGET /phpmyadmin/scripts/setup.php [33m404 [0m4.498 ms - 1012[0m
[0mGET /phpMyAdmin/scripts/setup.php [33m404 [0m5.205 ms - 1012[0m
[0mGET /phpmyadmin/scripts/db___.init.php [33m404 [0m3.721 ms - 1012[0m
[0mGET /phpMyAdmin/scripts/db___.init.php [33m404 [0m4.694 ms - 1012[0m
[0mGET /plugins/weathermap/editor.php [33m404 [0m5.016 ms - 1012[0m
[0mGET /cacti/plugins/weathermap/editor.php [33m404 [0m8.784 ms - 1012[0m
[0mGET /rxr.php [33m404 [0m4.016 ms - 1012[0m
[0mGET /1x.php [33m404 [0m4.072 ms - 1012[0m
[0mGET /izom.php [33m404 [0m5.092 ms - 1012[0m
[0mGET /composer.php [33m404 [0m4.058 ms - 1012[0m
[0mGET /Drupal.php [33m404 [0m5.643 ms - 1012[0m
[0mGET /home.php [33m404 [0m5.077 ms - 1012[0m
[0mGET /lang.php?f=1 [33m404 [0m3.998 ms - 1012[0m
[0mGET /libraries/joomla/jmail.php?waled=1 [33m404 [0m6.202 ms - 1012[0m
[0mGET /libraries/joomla/wl.php?0=1 [33m404 [0m3.351 ms - 1012[0m
[0mPOST /wuwu11.php [33m404 [0m5.030 ms - 1012[0m
[0mPOST /xw.php [33m404 [0m5.865 ms - 1012[0m
[0mPOST /9678.php [33m404 [0m3.715 ms - 1012[0m
[0mPOST /wc.php [33m404 [0m4.090 ms - 1012[0m
[0mPOST /s.php [33m404 [0m4.205 ms - 1012[0m
[0mPOST /w.php [33m404 [0m4.258 ms - 1012[0m
[0mPOST /sheep.php [33m404 [0m6.245 ms - 1012[0m
[0mPOST /qaq.php [33m404 [0m4.010 ms - 1012[0m
[0mPOST /db.init.php [33m404 [0m5.443 ms - 1012[0m
[0mPOST /db__.init.php [33m404 [0m4.191 ms - 1012[0m
[0mPOST /wp-admins.php [33m404 [0m4.085 ms - 1012[0m
[0mPOST /m.php?pbid=open [33m404 [0m5.987 ms - 1012[0m
[0mPOST /099.php [33m404 [0m5.046 ms - 1012[0m
[0mPOST /Alarg53.php [33m404 [0m5.776 ms - 1012[0m
[0mPOST /lapan.php [33m404 [0m3.993 ms - 1012[0m
[0mPOST /p34ky1337.php [33m404 [0m3.854 ms - 1012[0m
[0mPOST /pk1914.php [33m404 [0m3.826 ms - 1012[0m
[0mPOST /sllolx.php [33m404 [0m4.075 ms - 1012[0m
[0mPOST /Skri.php [33m404 [0m7.070 ms - 1012[0m
[0mPOST /db_dataml.php [33m404 [0m3.584 ms - 1012[0m
[0mPOST /db_desql.php [33m404 [0m6.013 ms - 1012[0m
[0mPOST /mx.php [33m404 [0m4.025 ms - 1012[0m
[0mPOST /xshell.php [33m404 [0m3.472 ms - 1012[0m
[0mPOST /qq.php [33m404 [0m7.113 ms - 1012[0m
[0mPOST /conflg.php [33m404 [0m6.975 ms - 1012[0m
[0mPOST /conflg.php [33m404 [0m3.337 ms - 1012[0m
[0mPOST /lindex.php [33m404 [0m4.043 ms - 1012[0m
[0mPOST /phpstudy.php [33m404 [0m8.662 ms - 1012[0m
[0mPOST /phpStudy.php [33m404 [0m3.813 ms - 1012[0m
[0mPOST /weixiao.php [33m404 [0m3.338 ms - 1012[0m
[0mPOST /feixiang.php [33m404 [0m3.773 ms - 1012[0m
[0mPOST /ak47.php [33m404 [0m5.965 ms - 1012[0m
[0mPOST /ak48.php [33m404 [0m5.385 ms - 1012[0m
[0mPOST /xiao.php [33m404 [0m5.731 ms - 1012[0m
[0mPOST /yao.php [33m404 [0m4.427 ms - 1012[0m
[0mPOST /defect.php [33m404 [0m5.027 ms - 1012[0m
[0mPOST /webslee.php [33m404 [0m5.411 ms - 1012[0m
[0mPOST /q.php [33m404 [0m5.167 ms - 1012[0m
[0mPOST /pe.php [33m404 [0m5.378 ms - 1012[0m
[0mPOST /hm.php [33m404 [0m5.014 ms - 1012[0m
[0mPOST /cainiao.php [33m404 [0m4.103 ms - 1012[0m
[0mPOST /zuoshou.php [33m404 [0m3.097 ms - 1012[0m
[0mPOST /zuo.php [33m404 [0m3.450 ms - 1012[0m
[0mPOST /bak.php [33m404 [0m3.899 ms - 1012[0m
[0mPOST /system.php [33m404 [0m4.518 ms - 1012[0m
[0mPOST /l6.php [33m404 [0m3.872 ms - 1012[0m
[0mPOST /l7.php [33m404 [0m3.810 ms - 1012[0m
[0mPOST /l8.php [33m404 [0m4.155 ms - 1012[0m
[0mPOST /q.php [33m404 [0m3.909 ms - 1012[0m
[0mPOST /56.php [33m404 [0m4.123 ms - 1012[0m
[0mPOST /mz.php [33m404 [0m3.986 ms - 1012[0m
[0mPOST /xx.php [33m404 [0m5.682 ms - 1012[0m
[0mPOST /yumo.php [33m404 [0m4.545 ms - 1012[0m
[0mPOST /min.php [33m404 [0m3.629 ms - 1012[0m
[0mPOST /wan.php [33m404 [0m4.060 ms - 1012[0m
[0mPOST /wanan.php [33m404 [0m4.157 ms - 1012[0m
[0mPOST /ssaa.php [33m404 [0m3.583 ms - 1012[0m
[0mPOST /qq.php [33m404 [0m4.077 ms - 1012[0m
[0mPOST /aw.php [33m404 [0m7.655 ms - 1012[0m
[0mPOST /12.php [33m404 [0m3.734 ms - 1012[0m
[0mPOST /ak.php [33m404 [0m5.137 ms - 1012[0m
[0mGET /index.php [33m404 [0m6.168 ms - 1012[0m
[0mGET /phpmyadmin/index.php [33m404 [0m3.482 ms - 1012[0m
[0mGET /pmd/index.php [33m404 [0m5.757 ms - 1012[0m
[0mGET /pma/index.php [33m404 [0m5.877 ms - 1012[0m
[0mGET /PMA/index.php [33m404 [0m5.873 ms - 1012[0m
[0mGET /PMA2/index.php [33m404 [0m4.708 ms - 1012[0m
[0mGET /pmamy/index.php [33m404 [0m4.099 ms - 1012[0m
[0mGET /pmamy2/index.php [33m404 [0m6.007 ms - 1012[0m
[0mGET /mysql/index.php [33m404 [0m3.838 ms - 1012[0m
[0mGET /admin/index.php [33m404 [0m3.889 ms - 1012[0m
[0mGET /db/index.php [33m404 [0m4.264 ms - 1012[0m
[0mGET /web/phpMyAdmin/index.php [33m404 [0m3.538 ms - 1012[0m
[0mGET /admin/pma/index.php [33m404 [0m4.027 ms - 1012[0m
[0mGET /admin/PMA/index.php [33m404 [0m7.752 ms - 1012[0m
[0mGET /admin/mysql/index.php [33m404 [0m3.659 ms - 1012[0m
[0mGET /admin/mysql2/index.php [33m404 [0m5.415 ms - 1012[0m
[0mGET /admin/phpmyadmin/index.php [33m404 [0m3.773 ms - 1012[0m
[0mGET /admin/phpMyAdmin/index.php [33m404 [0m3.499 ms - 1012[0m
[0mGET /admin/phpmyadmin2/index.php [33m404 [0m3.987 ms - 1012[0m
[0mGET /mysqladmin/index.php [33m404 [0m3.771 ms - 1012[0m
[0mGET /mysql-admin/index.php [33m404 [0m3.298 ms - 1012[0m
[0mGET /mysql_admin/index.php [33m404 [0m3.413 ms - 1012[0m
[0mGET /phpadmin/index.php [33m404 [0m3.326 ms - 1012[0m
[0mGET /phpAdmin/index.php [33m404 [0m7.204 ms - 1012[0m
[0mGET /phpmyadmin1/index.php [33m404 [0m5.055 ms - 1012[0m
[0mGET /phpmyadmin2/index.php [33m404 [0m3.440 ms - 1012[0m
[0mGET /phpMyAdmin-4.4.0/index.php [33m404 [0m2.934 ms - 1012[0m
[0mGET /myadmin/index.php [33m404 [0m5.207 ms - 1012[0m
[0mGET /xampp/phpmyadmin/index.php [33m404 [0m5.683 ms - 1012[0m
[0mGET /www/phpMyAdmin/index.php [33m404 [0m4.850 ms - 1012[0m
[0mGET /tools/phpMyAdmin/index.php [33m404 [0m4.357 ms - 1012[0m
[0mGET /phpmyadmin-old/index.php [33m404 [0m3.836 ms - 1012[0m
[0mGET /phpMyAdmin.old/index.php [33m404 [0m5.123 ms - 1012[0m
[0mGET /pma-old/index.php [33m404 [0m3.756 ms - 1012[0m
[0mGET /claroline/phpMyAdmin/index.php [33m404 [0m4.057 ms - 1012[0m
[0mGET /typo3/phpmyadmin/index.php [33m404 [0m4.868 ms - 1012[0m
[0mGET /phpma/index.php [33m404 [0m3.851 ms - 1012[0m
[0mGET /phpmyadmin/phpmyadmin/index.php [33m404 [0m6.220 ms - 1012[0m
[0mGET /phpMyAdmin/phpMyAdmin/index.php [33m404 [0m3.271 ms - 1012[0m
[0mGET /phpMyAbmin/index.php [33m404 [0m3.473 ms - 1012[0m
[0mGET /phpMyAdmin__/index.php [33m404 [0m5.448 ms - 1012[0m
[0mGET /phpMyAdmin+++---/index.php [33m404 [0m5.391 ms - 1012[0m
[0mGET /v/index.php [33m404 [0m5.020 ms - 1012[0m
[0mGET /phpMyAdm1n/index.php [33m404 [0m5.355 ms - 1012[0m
[0mGET /shaAdmin/index.php [33m404 [0m5.113 ms - 1012[0m
[0mGET /phpMyadmi/index.php [33m404 [0m4.854 ms - 1012[0m
[0mGET /phpMyAdmion/index.php [33m404 [0m3.853 ms - 1012[0m
[0mGET /s/index.php [33m404 [0m4.021 ms - 1012[0m
[0mGET /MyAdmin/index.php [33m404 [0m3.234 ms - 1012[0m
[0mGET /phpMyAdmin1/index.php [33m404 [0m4.984 ms - 1012[0m
[0mGET /phpMyAdmin123/index.php [33m404 [0m3.893 ms - 1012[0m
[0mGET /pwd/index.php [33m404 [0m3.565 ms - 1012[0m
[0mGET /phpMyAdmina/index.php [33m404 [0m3.476 ms - 1012[0m
[0mGET /phpMydmin/index.php [33m404 [0m3.279 ms - 1012[0m
[0mGET /phpMyAdmins/index.php [33m404 [0m4.572 ms - 1012[0m
[0mGET /program/index.php [33m404 [0m3.541 ms - 1012[0m
[0mGET /shopdb/index.php [33m404 [0m3.713 ms - 1012[0m
[0mGET /phppma/index.php [33m404 [0m3.646 ms - 1012[0m
[0mGET /phpmy/index.php [33m404 [0m3.120 ms - 1012[0m
[0mGET /mysql/admin/index.php [33m404 [0m3.251 ms - 1012[0m
[0mGET /mysql/dbadmin/index.php [33m404 [0m3.196 ms - 1012[0m
[0mGET /mysql/sqlmanager/index.php [33m404 [0m3.303 ms - 1012[0m
[0mGET /mysql/mysqlmanager/index.php [33m404 [0m3.521 ms - 1012[0m
[0mGET /wp-content/plugins/portable-phpmyadmin/wp-pma-mod/index.php [33m404 [0m3.365 ms - 1012[0m
[0mGET /manager/html [33m404 [0m3.338 ms - 1012[0m
[0mGET / [32m200 [0m0.716 ms - 17209[0m
[0mGET / [32m200 [0m0.468 ms - 17209[0m
[0mGET / [32m200 [0m0.722 ms - 17209[0m
[0mGET / [32m200 [0m0.519 ms - 17209[0m
[0mGET / [32m200 [0m0.441 ms - 17209[0m
[0mGET //a2billing/customer/templates/default/footer.tpl [33m404 [0m6.021 ms - 1012[0m
[0mGET / [32m200 [0m0.491 ms - 17209[0m
[0mGET / [32m200 [0m0.606 ms - 17209[0m
[0mGET / [32m200 [0m0.664 ms - 17209[0m
[0mGET /index.php [33m404 [0m3.843 ms - 1012[0m
[0mGET /phpmyadmin/index.php [33m404 [0m4.309 ms - 1012[0m
[0mGET / [32m200 [0m0.490 ms - 17209[0m
[0mGET /wp-login.php [33m404 [0m3.929 ms - 1012[0m
[0mGET /wp-login.php [33m404 [0m5.230 ms - 1012[0m
[0mGET / [32m200 [0m0.634 ms - 17209[0m
[0mGET / [32m200 [0m0.487 ms - 17209[0m
[0mGET / [32m200 [0m0.456 ms - 17209[0m
[0mGET /css/style.css [32m200 [0m0.471 ms - 468[0m
[0mGET /js/popper.min.js [32m200 [0m0.691 ms - 20537[0m
[0mGET /js/jquery-3.3.1.min.js [32m200 [0m1.272 ms - 86927[0m
[0mGET /img/education1.jpg [32m200 [0m0.828 ms - 60196[0m
[0mGET /img/education2.jpg [32m200 [0m0.344 ms - 74699[0m
[0mGET /css/bootstrap.min.css [32m200 [0m0.534 ms - 155828[0m
[0mGET /js/bootstrap.min.js [32m200 [0m0.466 ms - 58072[0m
[0mGET /css/mdb.min.css [32m200 [0m0.603 ms - 250911[0m
[0mGET /img/education3.jpg [32m200 [0m0.486 ms - 57303[0m
[0mGET /js/mdb.js [32m200 [0m0.397 ms - 478425[0m
[0mGET /css/img/logo.png [33m404 [0m3.373 ms - 1012[0m
[0mGET /img/svg/arrow_left.svg [32m200 [0m0.798 ms - 215[0m
[0mGET /img/svg/arrow_right.svg [32m200 [0m0.647 ms - 214[0m
[0mGET /font/roboto/Roboto-Bold.woff2 [32m200 [0m1.927 ms - 49976[0m
[0mGET /font/roboto/Roboto-Light.woff2 [32m200 [0m1.915 ms - 49380[0m
[0mGET /font/roboto/Roboto-Regular.woff2 [32m200 [0m1.982 ms - 49236[0m
[0mGET /favicon.ico [33m404 [0m3.914 ms - 1012[0m
[0mGET / [32m200 [0m0.643 ms - 17209[0m
[0mGET / [32m200 [0m0.587 ms - 17209[0m
[0mGET / [32m200 [0m0.617 ms - 17209[0m
[0mGET / [32m200 [0m0.691 ms - 17209[0m
[0mGET / [32m200 [0m0.552 ms - 17209[0m
[0mGET /cources [33m404 [0m6.249 ms - 1012[0m
[0mGET /?_escaped_fragment_= [32m200 [0m0.622 ms - 17209[0m
[0mGET / [32m200 [0m0.497 ms - 17209[0m
[0mGET /js/bootstrap.min.js [32m200 [0m0.612 ms - 58072[0m
[0mGET / [36m304 [0m0.352 ms - -[0m
[0mGET /robots.txt [33m404 [0m5.823 ms - 1012[0m
[0mGET /css/bootstrap.min.css [36m304 [0m0.695 ms - -[0m
[0mGET /css/mdb.min.css [36m304 [0m0.665 ms - -[0m
[0mGET /img/education1.jpg [36m304 [0m0.364 ms - -[0m
[0mGET /css/style.css [36m304 [0m0.269 ms - -[0m
[0mGET /img/education2.jpg [36m304 [0m0.283 ms - -[0m
[0mGET /js/popper.min.js [36m304 [0m0.427 ms - -[0m
[0mGET /js/jquery-3.3.1.min.js [36m304 [0m0.405 ms - -[0m
[0mGET /js/bootstrap.min.js [36m304 [0m0.410 ms - -[0m
[0mGET /js/mdb.js [36m304 [0m0.350 ms - -[0m
[0mGET /img/education3.jpg [36m304 [0m0.401 ms - -[0m
[0mGET /css/img/logo.png [33m404 [0m5.034 ms - 1012[0m
[0mGET /img/svg/arrow_right.svg [36m304 [0m0.320 ms - -[0m
[0mGET /img/svg/arrow_left.svg [36m304 [0m0.209 ms - -[0m
[0mGET /font/roboto/Roboto-Light.woff2 [36m304 [0m0.202 ms - -[0m
[0mGET /font/roboto/Roboto-Regular.woff2 [36m304 [0m0.209 ms - -[0m
[0mGET /font/roboto/Roboto-Bold.woff2 [36m304 [0m0.293 ms - -[0m
[0mGET /favicon.ico [33m404 [0m3.927 ms - 1012[0m
[0mGET / [32m200 [0m0.553 ms - 17209[0m
[0mGET / [32m200 [0m0.593 ms - 17209[0m
[0mGET / [32m200 [0m0.682 ms - 17209[0m
[0mGET / [32m200 [0m0.614 ms - 17209[0m
[0mGET / [32m200 [0m0.579 ms - 17209[0m
[0mPOST /sdk [33m404 [0m3.795 ms - 1012[0m
[0mGET /nmaplowercheck1552890864 [33m404 [0m3.505 ms - 1012[0m
[0mGET / [32m200 [0m0.590 ms - 17209[0m
[0mGET /evox/about [33m404 [0m5.582 ms - 1012[0m
[0mGET /HNAP1 [33m404 [0m6.093 ms - 1012[0m
[0mGET / [32m200 [0m0.554 ms - 17209[0m
[0mGET / [32m200 [0m0.665 ms - 17209[0m
[0mGET /css/style.css [32m200 [0m0.597 ms - 468[0m
[0mGET /css/bootstrap.min.css [32m200 [0m0.688 ms - 155828[0m
[0mGET /js/jquery-3.3.1.min.js [32m200 [0m0.498 ms - 86927[0m
[0mGET /css/mdb.min.css [32m200 [0m0.617 ms - 250911[0m
[0mGET /js/popper.min.js [32m200 [0m0.629 ms - 20537[0m
[0mGET /js/bootstrap.min.js [32m200 [0m1.675 ms - 58072[0m
[0mGET /img/education1.jpg [32m200 [0m1.822 ms - 60196[0m
[0mGET /font/roboto/Roboto-Regular.woff2 [32m200 [0m0.686 ms - 49236[0m
[0mGET /font/roboto/Roboto-Light.woff2 [32m200 [0m0.670 ms - 49380[0m
[0mGET /img/education2.jpg [32m200 [0m1.506 ms - 74699[0m
[0mGET /font/roboto/Roboto-Bold.woff2 [32m200 [0m0.578 ms - 49976[0m
[0mGET /css/img/logo.png [33m404 [0m3.801 ms - 1012[0m
[0mGET /img/svg/arrow_left.svg [32m200 [0m0.518 ms - 215[0m
[0mGET /js/mdb.js [32m200 [0m1.372 ms - 478425[0m
[0mGET /img/svg/arrow_right.svg [32m200 [0m0.468 ms - 214[0m
[0mGET /img/education3.jpg [32m200 [0m0.384 ms - 57303[0m
[0mGET /favicon.ico [33m404 [0m6.592 ms - 1012[0m
[0mGET / [36m304 [0m0.574 ms - -[0m
[0mGET /css/mdb.min.css [36m304 [0m0.395 ms - -[0m
[0mGET /css/bootstrap.min.css [36m304 [0m0.240 ms - -[0m
[0mGET /css/style.css [36m304 [0m0.551 ms - -[0m
[0mGET /js/jquery-3.3.1.min.js [36m304 [0m0.420 ms - -[0m
[0mGET /js/bootstrap.min.js [36m304 [0m0.400 ms - -[0m
[0mGET /js/popper.min.js [36m304 [0m0.185 ms - -[0m
[0mGET /js/mdb.js [36m304 [0m0.269 ms - -[0m
[0mGET /font/roboto/Roboto-Regular.woff2 [36m304 [0m0.336 ms - -[0m
[0mGET /font/roboto/Roboto-Light.woff2 [36m304 [0m0.297 ms - -[0m
[0mGET /font/roboto/Roboto-Bold.woff2 [36m304 [0m0.389 ms - -[0m
[0mGET /css/img/logo.png [33m404 [0m6.006 ms - 1012[0m
[0mGET /img/svg/arrow_right.svg [36m304 [0m0.587 ms - -[0m
[0mGET /img/svg/arrow_left.svg [36m304 [0m0.500 ms - -[0m
[0mGET /img/education1.jpg [36m304 [0m0.346 ms - -[0m
[0mGET /img/education2.jpg [36m304 [0m0.319 ms - -[0m
[0mGET /img/education3.jpg [36m304 [0m0.322 ms - -[0m
[0mGET /favicon.ico [33m404 [0m5.891 ms - 1012[0m
[0mGET / [32m200 [0m0.570 ms - 17209[0m
[0mGET /css/mdb.min.css [32m200 [0m0.577 ms - 250911[0m
[0mGET /css/style.css [32m200 [0m0.630 ms - 468[0m
[0mGET /css/bootstrap.min.css [32m200 [0m0.614 ms - 155828[0m
[0mGET /js/jquery-3.3.1.min.js [32m200 [0m0.592 ms - 86927[0m
[0mGET /img/education1.jpg [32m200 [0m0.632 ms - 60196[0m
[0mGET /img/education2.jpg [32m200 [0m0.502 ms - 74699[0m
[0mGET /js/popper.min.js [32m200 [0m0.288 ms - 20537[0m
[0mGET /img/education3.jpg [32m200 [0m0.609 ms - 57303[0m
[0mGET /js/bootstrap.min.js [32m200 [0m0.417 ms - 58072[0m
[0mGET /font/roboto/Roboto-Light.woff2 [32m200 [0m0.800 ms - 49380[0m
[0mGET /css/img/logo.png [33m404 [0m6.208 ms - 1012[0m
[0mGET /font/roboto/Roboto-Regular.woff2 [32m200 [0m0.637 ms - 49236[0m
[0mGET /font/roboto/Roboto-Bold.woff2 [32m200 [0m0.672 ms - 49976[0m
[0mGET /img/svg/arrow_left.svg [32m200 [0m0.857 ms - 215[0m
[0mGET /img/svg/arrow_right.svg [32m200 [0m0.801 ms - 214[0m
[0mGET /js/mdb.js [32m200 [0m0.598 ms - 478425[0m
[0mGET /favicon.ico [33m404 [0m4.285 ms - 1012[0m
[0mGET / [32m200 [0m0.687 ms - 17209[0m
[0mGET / [32m200 [0m0.727 ms - 17209[0m
[0mGET / [32m200 [0m0.661 ms - 17209[0m
[0mGET /css/bootstrap.min.css [32m200 [0m0.688 ms - 155828[0m
[0mGET /css/style.css [32m200 [0m0.623 ms - 468[0m
[0mGET /img/education1.jpg [32m200 [0m0.981 ms - 60196[0m
[0mGET /img/education2.jpg [32m200 [0m1.023 ms - 74699[0m
[0mGET /js/jquery-3.3.1.min.js [32m200 [0m0.568 ms - 86927[0m
[0mGET /css/mdb.min.css [32m200 [0m0.683 ms - 250911[0m
[0mGET /js/popper.min.js [32m200 [0m0.546 ms - 20537[0m
[0mGET /js/bootstrap.min.js [32m200 [0m1.126 ms - 58072[0m
[0mGET /img/education3.jpg [32m200 [0m0.491 ms - 57303[0m
[0mGET /js/mdb.js [32m200 [0m0.611 ms - 478425[0m
[0mGET /img/svg/arrow_left.svg [32m200 [0m1.847 ms - 215[0m
[0mGET /img/svg/arrow_right.svg [32m200 [0m1.870 ms - 214[0m
[0mGET /font/roboto/Roboto-Bold.woff2 [32m200 [0m1.783 ms - 49976[0m
[0mGET /css/img/logo.png [33m404 [0m5.266 ms - 1012[0m
[0mGET /font/roboto/Roboto-Light.woff2 [32m200 [0m0.688 ms - 49380[0m
[0mGET /font/roboto/Roboto-Regular.woff2 [32m200 [0m0.790 ms - 49236[0m
[0mGET /favicon.ico [33m404 [0m3.628 ms - 1012[0m
[0mGET / [36m304 [0m0.424 ms - -[0m
[0mGET /css/bootstrap.min.css [36m304 [0m0.409 ms - -[0m
[0mGET /css/mdb.min.css [36m304 [0m0.271 ms - -[0m
[0mGET /img/education1.jpg [36m304 [0m0.476 ms - -[0m
[0mGET /css/style.css [36m304 [0m0.271 ms - -[0m
[0mGET /img/education2.jpg [36m304 [0m0.267 ms - -[0m
[0mGET /js/jquery-3.3.1.min.js [36m304 [0m0.395 ms - -[0m
[0mGET /js/popper.min.js [36m304 [0m0.511 ms - -[0m
[0mGET /js/mdb.js [36m304 [0m0.942 ms - -[0m
[0mGET /js/bootstrap.min.js [36m304 [0m0.468 ms - -[0m
[0mGET /img/education3.jpg [36m304 [0m0.415 ms - -[0m
[0mGET /css/img/logo.png [33m404 [0m3.657 ms - 1012[0m
[0mGET /img/svg/arrow_left.svg [36m304 [0m0.326 ms - -[0m
[0mGET /img/svg/arrow_right.svg [36m304 [0m0.186 ms - -[0m
[0mGET /font/roboto/Roboto-Regular.woff2 [36m304 [0m0.288 ms - -[0m
[0mGET /font/roboto/Roboto-Bold.woff2 [36m304 [0m0.428 ms - -[0m
[0mGET /font/roboto/Roboto-Light.woff2 [36m304 [0m0.367 ms - -[0m
[0mGET / [32m200 [0m0.832 ms - 17209[0m
[0mGET / [32m200 [0m0.645 ms - 17209[0m
[0mGET /img/education1.jpg [32m200 [0m0.703 ms - 60196[0m
[0mGET /css/style.css [32m200 [0m0.567 ms - 468[0m
[0mGET /css/bootstrap.min.css [32m200 [0m0.576 ms - 155828[0m
[0mGET /img/education2.jpg [32m200 [0m0.605 ms - 74699[0m
[0mGET /css/mdb.min.css [32m200 [0m0.792 ms - 250911[0m
[0mGET /js/jquery-3.3.1.min.js [32m200 [0m0.572 ms - 86927[0m
[0mGET /js/popper.min.js [32m200 [0m0.594 ms - 20537[0m
[0mGET /js/bootstrap.min.js [32m200 [0m0.671 ms - 58072[0m
[0mGET /img/education3.jpg [32m200 [0m0.613 ms - 57303[0m
[0mGET /css/img/logo.png [33m404 [0m6.698 ms - 1012[0m
[0mGET /font/roboto/Roboto-Regular.woff2 [32m200 [0m0.568 ms - 49236[0m
[0mGET /js/mdb.js [32m200 [0m0.568 ms - 478425[0m
[0mGET /font/roboto/Roboto-Light.woff2 [32m200 [0m0.617 ms - 49380[0m
[0mGET /font/roboto/Roboto-Bold.woff2 [32m200 [0m0.615 ms - 49976[0m
[0mGET /img/svg/arrow_right.svg [32m200 [0m0.579 ms - 214[0m
[0mGET /img/svg/arrow_left.svg [32m200 [0m0.607 ms - 215[0m
[0mGET /favicon.ico [33m404 [0m5.771 ms - 1012[0m
[0mGET /css/bootstrap.min.css [36m304 [0m0.417 ms - -[0m
[0mGET /css/mdb.min.css [36m304 [0m0.516 ms - -[0m
[0mGET /css/style.css [36m304 [0m0.602 ms - -[0m
[0mGET /js/bootstrap.min.js.map [33m404 [0m4.550 ms - 1012[0m
[0mGET /css/bootstrap.min.css.map [33m404 [0m3.895 ms - 1012[0m
[0mGET / [36m304 [0m0.378 ms - -[0m
[0mGET /css/style.css [36m304 [0m0.531 ms - -[0m
[0mGET /css/mdb.min.css [36m304 [0m0.227 ms - -[0m
[0mGET /img/education2.jpg [36m304 [0m0.297 ms - -[0m
[0mGET /css/bootstrap.min.css [36m304 [0m0.578 ms - -[0m
[0mGET /img/education1.jpg [36m304 [0m0.567 ms - -[0m
[0mGET /js/jquery-3.3.1.min.js [36m304 [0m0.301 ms - -[0m
[0mGET /img/education3.jpg [36m304 [0m0.297 ms - -[0m
[0mGET /js/popper.min.js [36m304 [0m0.355 ms - -[0m
[0mGET /js/bootstrap.min.js [36m304 [0m0.256 ms - -[0m
[0mGET /js/mdb.js [36m304 [0m0.362 ms - -[0m
[0mGET /css/img/logo.png [33m404 [0m4.380 ms - 1012[0m
[0mGET /img/svg/arrow_left.svg [36m304 [0m0.489 ms - -[0m
[0mGET /img/svg/arrow_right.svg [36m304 [0m0.448 ms - -[0m
[0mGET /font/roboto/Roboto-Light.woff2 [36m304 [0m0.431 ms - -[0m
[0mGET /font/roboto/Roboto-Regular.woff2 [36m304 [0m0.301 ms - -[0m
[0mGET /font/roboto/Roboto-Bold.woff2 [36m304 [0m0.374 ms - -[0m
[0mGET /css/bootstrap.min.css.map [33m404 [0m5.370 ms - 1012[0m
[0mGET /js/bootstrap.min.js.map [33m404 [0m5.779 ms - 1012[0m
[0mGET / [36m304 [0m0.324 ms - -[0m
[0mGET /css/mdb.min.css [36m304 [0m0.540 ms - -[0m
[0mGET /css/bootstrap.min.css [36m304 [0m0.531 ms - -[0m
[0mGET /img/education1.jpg [36m304 [0m0.277 ms - -[0m
[0mGET /css/style.css [36m304 [0m0.217 ms - -[0m
[0mGET /img/education2.jpg [36m304 [0m0.372 ms - -[0m
[0mGET /js/popper.min.js [36m304 [0m0.295 ms - -[0m
[0mGET /js/jquery-3.3.1.min.js [36m304 [0m0.190 ms - -[0m
[0mGET /js/bootstrap.min.js [36m304 [0m0.297 ms - -[0m
[0mGET /img/education3.jpg [36m304 [0m0.529 ms - -[0m
[0mGET /js/mdb.js [36m304 [0m0.460 ms - -[0m
[0mGET /css/img/logo.png [33m404 [0m5.261 ms - 1012[0m
[0mGET /img/svg/arrow_left.svg [36m304 [0m0.388 ms - -[0m
[0mGET /img/svg/arrow_right.svg [36m304 [0m0.274 ms - -[0m
[0mGET /font/roboto/Roboto-Regular.woff2 [36m304 [0m0.237 ms - -[0m
[0mGET /font/roboto/Roboto-Light.woff2 [36m304 [0m0.287 ms - -[0m
[0mGET /font/roboto/Roboto-Bold.woff2 [36m304 [0m0.284 ms - -[0m
[0mGET /css/bootstrap.min.css.map [33m404 [0m6.661 ms - 1012[0m
[0mGET /js/bootstrap.min.js.map [33m404 [0m4.142 ms - 1012[0m
[0mGET /js/mdb.js [32m200 [0m0.641 ms - 478425[0m
[0mGET /font/roboto/Roboto-Bold.woff2 [32m200 [0m0.540 ms - 49976[0m
[0mGET /js/bootstrap.min.js.map [33m404 [0m4.898 ms - 1012[0m
[0mGET /font/roboto/Roboto-Regular.woff2 [32m200 [0m0.709 ms - 49236[0m
[0mGET /css/bootstrap.min.css.map [33m404 [0m5.052 ms - 1012[0m
[0mGET /font/roboto/Roboto-Light.woff2 [32m200 [0m0.587 ms - 49380[0m
[0mGET /img/svg/arrow_left.svg [32m200 [0m0.550 ms - 215[0m
[0mGET /js/jquery-3.3.1.min.js [32m200 [0m0.615 ms - 86927[0m
[0mGET /img/svg/arrow_right.svg [32m200 [0m0.586 ms - 214[0m
[0mGET /js/popper.min.js [32m200 [0m0.604 ms - 20537[0m
[0mGET /js/bootstrap.min.js [32m200 [0m0.509 ms - 58072[0m
[0mGET / [32m200 [0m1.348 ms - 17209[0m
[0mGET / [32m200 [0m0.687 ms - 17209[0m
[0mGET / [36m304 [0m0.399 ms - -[0m
[0mGET /css/bootstrap.min.css [36m304 [0m0.403 ms - -[0m
[0mGET /css/mdb.min.css [36m304 [0m0.391 ms - -[0m
[0mGET /css/style.css [36m304 [0m0.378 ms - -[0m
[0mGET /img/education1.jpg [36m304 [0m0.386 ms - -[0m
[0mGET /img/education2.jpg [36m304 [0m0.374 ms - -[0m
[0mGET /js/jquery-3.3.1.min.js [36m304 [0m0.386 ms - -[0m
[0mGET /js/popper.min.js [36m304 [0m1.043 ms - -[0m
[0mGET /js/mdb.js [36m304 [0m0.547 ms - -[0m
[0mGET /js/bootstrap.min.js [36m304 [0m0.401 ms - -[0m
[0mGET /img/education3.jpg [36m304 [0m0.390 ms - -[0m
[0mGET /font/roboto/Roboto-Regular.woff2 [36m304 [0m0.378 ms - -[0m
[0mGET /font/roboto/Roboto-Light.woff2 [36m304 [0m0.394 ms - -[0m
[0mGET /font/roboto/Roboto-Bold.woff2 [36m304 [0m0.389 ms - -[0m
[0mGET /img/svg/arrow_right.svg [36m304 [0m0.365 ms - -[0m
[0mGET /img/svg/arrow_left.svg [36m304 [0m0.441 ms - -[0m
[0mGET /css/img/logo.png [33m404 [0m4.337 ms - 1012[0m
[0mGET /js/mdb.js [32m200 [0m0.559 ms - 478425[0m
[0mGET /js/jquery-3.3.1.min.js [32m200 [0m0.635 ms - 86927[0m
[0mGET /font/roboto/Roboto-Bold.woff2 [32m200 [0m0.533 ms - 49976[0m
[0mGET /font/roboto/Roboto-Regular.woff2 [32m200 [0m0.866 ms - 49236[0m
[0mGET /js/bootstrap.min.js [32m200 [0m0.567 ms - 58072[0m
[0mGET /font/roboto/Roboto-Light.woff2 [32m200 [0m0.778 ms - 49380[0m
[0mGET /js/popper.min.js [32m200 [0m0.423 ms - 20537[0m
[0mGET / [32m200 [0m0.639 ms - 17209[0m
[0mGET /css/style.css [32m200 [0m0.626 ms - 468[0m
[0mGET /img/education1.jpg [32m200 [0m0.756 ms - 60196[0m
[0mGET /img/education2.jpg [32m200 [0m0.528 ms - 74699[0m
[0mGET /img/education3.jpg [32m200 [0m0.722 ms - 57303[0m
[0mGET /css/bootstrap.min.css [32m200 [0m0.530 ms - 155828[0m
[0mGET /js/jquery-3.3.1.min.js [32m200 [0m0.522 ms - 86927[0m
[0mGET /js/popper.min.js [32m200 [0m1.199 ms - 20537[0m
[0mGET /js/bootstrap.min.js [32m200 [0m0.606 ms - 58072[0m
[0mGET /css/mdb.min.css [32m200 [0m0.715 ms - 250911[0m
[0mGET /js/mdb.js [32m200 [0m0.481 ms - 478425[0m
[0mGET /img/svg/arrow_left.svg [32m200 [0m1.071 ms - 215[0m
[0mGET /font/roboto/Roboto-Regular.woff2 [32m200 [0m1.062 ms - 49236[0m
[0mGET /css/img/logo.png [33m404 [0m4.516 ms - 1012[0m
[0mGET /img/svg/arrow_right.svg [32m200 [0m0.720 ms - 214[0m
[0mGET /font/roboto/Roboto-Light.woff2 [32m200 [0m0.832 ms - 49380[0m
[0mGET /font/roboto/Roboto-Bold.woff2 [32m200 [0m0.626 ms - 49976[0m
[0mGET /favicon.ico [33m404 [0m6.782 ms - 1012[0m
[0mGET /img/svg/arrow_right.svg [32m200 [0m0.544 ms - 214[0m
[0mGET /img/svg/arrow_left.svg [32m200 [0m0.529 ms - 215[0m
[0mGET / [32m200 [0m0.609 ms - 17209[0m
[0mGET /.well-known/acme-challenge/v8cDbee15lqcZTQVRIg4vQUsEZOK9ooVUF9NpqUVqpA [32m200 [0m0.629 ms - 87[0m
[0mGET /.well-known/acme-challenge/v8cDbee15lqcZTQVRIg4vQUsEZOK9ooVUF9NpqUVqpA [32m200 [0m0.536 ms - 87[0m
[0mGET /.well-known/acme-challenge/H6GqvQW-QbFP5R1PQGoS3A-1i73O2Dfe0ak8wUBAKWg [32m200 [0m0.602 ms - 87[0m
[0mGET / [36m304 [0m0.455 ms - -[0m
[0mGET /css/bootstrap.min.css [36m304 [0m0.386 ms - -[0m
[0mGET /css/mdb.min.css [36m304 [0m0.369 ms - -[0m
[0mGET /css/style.css [36m304 [0m0.442 ms - -[0m
[0mGET /img/education1.jpg [36m304 [0m0.456 ms - -[0m
[0mGET /img/education2.jpg [36m304 [0m0.359 ms - -[0m
[0mGET /js/popper.min.js [36m304 [0m0.390 ms - -[0m
[0mGET /js/jquery-3.3.1.min.js [36m304 [0m0.243 ms - -[0m
[0mGET /js/bootstrap.min.js [36m304 [0m0.238 ms - -[0m
[0mGET /js/mdb.js [36m304 [0m0.456 ms - -[0m
[0mGET /img/education3.jpg [36m304 [0m1.048 ms - -[0m
[0mGET /css/img/logo.png [33m404 [0m5.444 ms - 1012[0m
[0mGET /img/svg/arrow_left.svg [36m304 [0m0.442 ms - -[0m
[0mGET /font/roboto/Roboto-Regular.woff2 [36m304 [0m0.504 ms - -[0m
[0mGET /img/svg/arrow_right.svg [36m304 [0m0.367 ms - -[0m
[0mGET /font/roboto/Roboto-Light.woff2 [36m304 [0m0.550 ms - -[0m
[0mGET /font/roboto/Roboto-Bold.woff2 [36m304 [0m0.379 ms - -[0m
[0mGET / [36m304 [0m0.353 ms - -[0m
[0mGET /css/bootstrap.min.css [36m304 [0m0.380 ms - -[0m
[0mGET /css/mdb.min.css [36m304 [0m0.432 ms - -[0m
[0mGET /css/style.css [36m304 [0m0.498 ms - -[0m
[0mGET /js/jquery-3.3.1.min.js [36m304 [0m1.032 ms - -[0m
[0mGET /img/education1.jpg [36m304 [0m0.372 ms - -[0m
[0mGET /img/education2.jpg [36m304 [0m0.317 ms - -[0m
[0mGET /js/bootstrap.min.js [36m304 [0m0.376 ms - -[0m
[0mGET /js/popper.min.js [36m304 [0m0.324 ms - -[0m
[0mGET /img/education3.jpg [36m304 [0m0.371 ms - -[0m
[0mGET /js/mdb.js [36m304 [0m0.335 ms - -[0m
[0mGET /css/img/logo.png [33m404 [0m4.990 ms - 1012[0m
[0mGET /img/svg/arrow_left.svg [36m304 [0m0.310 ms - -[0m
[0mGET /img/svg/arrow_right.svg [36m304 [0m0.428 ms - -[0m
[0mGET /font/roboto/Roboto-Light.woff2 [36m304 [0m0.379 ms - -[0m
[0mGET /font/roboto/Roboto-Bold.woff2 [36m304 [0m1.440 ms - -[0m
[0mGET /font/roboto/Roboto-Regular.woff2 [36m304 [0m1.363 ms - -[0m
[0mGET / [36m304 [0m0.326 ms - -[0m
[0mGET /css/bootstrap.min.css [36m304 [0m0.384 ms - -[0m
[0mGET /css/mdb.min.css [36m304 [0m0.405 ms - -[0m
[0mGET /css/style.css [36m304 [0m0.411 ms - -[0m
[0mGET /img/education2.jpg [36m304 [0m0.372 ms - -[0m
[0mGET /img/education1.jpg [36m304 [0m0.198 ms - -[0m
[0mGET /js/popper.min.js [36m304 [0m0.409 ms - -[0m
[0mGET /js/jquery-3.3.1.min.js [36m304 [0m0.377 ms - -[0m
[0mGET /js/bootstrap.min.js [36m304 [0m0.473 ms - -[0m
[0mGET /js/mdb.js [36m304 [0m0.411 ms - -[0m
[0mGET /img/education3.jpg [36m304 [0m0.382 ms - -[0m
[0mGET /font/roboto/Roboto-Regular.woff2 [36m304 [0m0.384 ms - -[0m
[0mGET /font/roboto/Roboto-Light.woff2 [36m304 [0m0.443 ms - -[0m
[0mGET /font/roboto/Roboto-Bold.woff2 [36m304 [0m0.412 ms - -[0m
[0mGET /img/svg/arrow_left.svg [36m304 [0m0.380 ms - -[0m
[0mGET /img/svg/arrow_right.svg [36m304 [0m0.384 ms - -[0m
[0mGET /css/img/logo.png [33m404 [0m5.205 ms - 1012[0m
[0mGET / [36m304 [0m0.377 ms - -[0m
[0mGET /css/bootstrap.min.css [36m304 [0m0.572 ms - -[0m
[0mGET /css/mdb.min.css [36m304 [0m0.538 ms - -[0m
[0mGET /css/style.css [36m304 [0m0.432 ms - -[0m
[0mGET /img/education2.jpg [36m304 [0m0.504 ms - -[0m
[0mGET /img/education1.jpg [36m304 [0m0.580 ms - -[0m
[0mGET /js/jquery-3.3.1.min.js [36m304 [0m0.512 ms - -[0m
[0mGET /js/popper.min.js [36m304 [0m0.438 ms - -[0m
[0mGET /js/bootstrap.min.js [36m304 [0m0.351 ms - -[0m
[0mGET /js/mdb.js [36m304 [0m0.273 ms - -[0m
[0mGET /img/education3.jpg [36m304 [0m0.402 ms - -[0m
[0mGET /css/img/logo.png [33m404 [0m7.278 ms - 1012[0m
[0mGET /img/svg/arrow_left.svg [36m304 [0m0.439 ms - -[0m
[0mGET /font/roboto/Roboto-Regular.woff2 [36m304 [0m0.440 ms - -[0m
[0mGET /font/roboto/Roboto-Light.woff2 [36m304 [0m0.450 ms - -[0m
[0mGET /font/roboto/Roboto-Bold.woff2 [36m304 [0m0.254 ms - -[0m
[0mGET /img/svg/arrow_right.svg [36m304 [0m0.365 ms - -[0m
[0mGET /manager/html [33m404 [0m5.682 ms - 1012[0m

> mdb@0.0.0 start /root/evolve/evolve
> node ./bin/www

/root/evolve/evolve/app.js:11
	key:fs.readFileSync('ssl/private.key'),
	    ^

ReferenceError: fs is not defined
    at Object.<anonymous> (/root/evolve/evolve/app.js:11:6)
    at Module._compile (internal/modules/cjs/loader.js:689:30)
    at Object.Module._extensions..js (internal/modules/cjs/loader.js:700:10)
    at Module.load (internal/modules/cjs/loader.js:599:32)
    at tryModuleLoad (internal/modules/cjs/loader.js:538:12)
    at Function.Module._load (internal/modules/cjs/loader.js:530:3)
    at Module.require (internal/modules/cjs/loader.js:637:17)
    at require (internal/modules/cjs/helpers.js:20:18)
    at Object.<anonymous> (/root/evolve/evolve/bin/www:7:11)
    at Module._compile (internal/modules/cjs/loader.js:689:30)
npm ERR! code ELIFECYCLE
npm ERR! errno 1
npm ERR! mdb@0.0.0 start: `node ./bin/www`
npm ERR! Exit status 1
npm ERR! 
npm ERR! Failed at the mdb@0.0.0 start script.
npm ERR! This is probably not a problem with npm. There is likely additional logging output above.

npm ERR! A complete log of this run can be found in:
npm ERR!     /root/.npm/_logs/2019-03-18T12_56_09_054Z-debug.log
[0mGET / [36m304 [0m0.443 ms - -[0m
[0mGET /css/bootstrap.min.css [36m304 [0m0.434 ms - -[0m
[0mGET /css/mdb.min.css [36m304 [0m0.546 ms - -[0m
[0mGET /css/style.css [36m304 [0m0.431 ms - -[0m
[0mGET /img/education1.jpg [36m304 [0m0.254 ms - -[0m
[0mGET /img/education2.jpg [36m304 [0m0.414 ms - -[0m
[0mGET /js/popper.min.js [36m304 [0m0.285 ms - -[0m
[0mGET /js/jquery-3.3.1.min.js [36m304 [0m0.252 ms - -[0m
[0mGET /js/bootstrap.min.js [36m304 [0m0.349 ms - -[0m
[0mGET /js/mdb.js [36m304 [0m0.387 ms - -[0m
[0mGET /img/education3.jpg [36m304 [0m0.393 ms - -[0m
[0mGET /css/img/logo.png [33m404 [0m5.548 ms - 1012[0m
[0mGET /img/svg/arrow_left.svg [36m304 [0m0.361 ms - -[0m
[0mGET /img/svg/arrow_right.svg [36m304 [0m0.381 ms - -[0m
[0mGET /font/roboto/Roboto-Regular.woff2 [36m304 [0m0.288 ms - -[0m
[0mGET /font/roboto/Roboto-Light.woff2 [36m304 [0m0.370 ms - -[0m
[0mGET /font/roboto/Roboto-Bold.woff2 [36m304 [0m0.396 ms - -[0m
[0mGET /css/bootstrap.min.css [36m304 [0m0.384 ms - -[0m
[0mGET /css/mdb.min.css [36m304 [0m0.393 ms - -[0m
[0mGET /js/bootstrap.min.js.map [33m404 [0m6.024 ms - 1012[0m
[0mGET /css/style.css [36m304 [0m6.100 ms - -[0m
[0mGET /css/bootstrap.min.css.map [33m404 [0m6.447 ms - 1012[0m
[0mGET / [32m200 [0m0.740 ms - 17209[0m
[0mGET /css/style.css [32m200 [0m0.608 ms - 468[0m
[0mGET /img/education1.jpg [32m200 [0m0.524 ms - 60196[0m
[0mGET /css/bootstrap.min.css [32m200 [0m0.899 ms - 155828[0m
[0mGET /js/jquery-3.3.1.min.js [32m200 [0m0.572 ms - 86927[0m
[0mGET /img/education2.jpg [32m200 [0m0.750 ms - 74699[0m
[0mGET /img/education3.jpg [32m200 [0m0.594 ms - 57303[0m
[0mGET /css/mdb.min.css [32m200 [0m0.493 ms - 250911[0m
[0mGET /js/popper.min.js [32m200 [0m10.349 ms - 20537[0m
[0mGET /js/bootstrap.min.js [32m200 [0m0.677 ms - 58072[0m
[0mGET /img/svg/arrow_left.svg [32m200 [0m0.619 ms - 215[0m
[0mGET /css/img/logo.png [33m404 [0m6.216 ms - 1012[0m
[0mGET /img/svg/arrow_right.svg [32m200 [0m0.685 ms - 214[0m
[0mGET /js/mdb.js [32m200 [0m0.761 ms - 478425[0m
[0mGET /font/roboto/Roboto-Bold.woff2 [32m200 [0m0.613 ms - 49976[0m
[0mGET /font/roboto/Roboto-Regular.woff2 [32m200 [0m0.547 ms - 49236[0m
[0mGET /font/roboto/Roboto-Light.woff2 [32m200 [0m0.694 ms - 49380[0m
[0mGET /favicon.ico [33m404 [0m5.566 ms - 1012[0m
[0mGET /css/bootstrap.min.css [36m304 [0m0.344 ms - -[0m
[0mGET /css/mdb.min.css [36m304 [0m0.355 ms - -[0m
[0mGET /js/bootstrap.min.js.map [33m404 [0m5.462 ms - 1012[0m
[0mGET /css/style.css [36m304 [0m0.284 ms - -[0m
[0mGET /css/bootstrap.min.css.map [33m404 [0m5.005 ms - 1012[0m
[0mGET / [32m200 [0m0.526 ms - 17045[0m
[0mGET /css/bootstrap.min.css [32m200 [0m0.534 ms - 155850[0m
[0mGET /css/mdb.min.css [32m200 [0m0.572 ms - 250912[0m
[0mGET /css/style.css [36m304 [0m0.706 ms - -[0m
[0mGET /img/education1.jpg [36m304 [0m0.299 ms - -[0m
[0mGET /js/jquery-3.3.1.min.js [36m304 [0m0.389 ms - -[0m
[0mGET /img/education2.jpg [36m304 [0m0.427 ms - -[0m
[0mGET /img/education3.jpg [36m304 [0m0.386 ms - -[0m
[0mGET /js/popper.min.js [36m304 [0m0.388 ms - -[0m
[0mGET /js/bootstrap.min.js [36m304 [0m0.393 ms - -[0m
[0mGET /js/mdb.js [36m304 [0m0.388 ms - -[0m
[0mGET /img/f1.jpg [32m200 [0m0.739 ms - 53770[0m
[0mGET /img/f2.jpg [32m200 [0m0.595 ms - 43394[0m
[0mGET /img/f3.jpg [32m200 [0m0.586 ms - 41403[0m
[0mGET /img/f4.jpg [32m200 [0m0.608 ms - 35643[0m
[0mGET /css/img/logo.png [33m404 [0m5.977 ms - 1012[0m
[0mGET /font/roboto/Roboto-Light.woff2 [36m304 [0m0.430 ms - -[0m
[0mGET /font/roboto/Roboto-Bold.woff2 [36m304 [0m0.426 ms - -[0m
[0mGET /font/roboto/Roboto-Regular.woff2 [36m304 [0m0.521 ms - -[0m
[0mGET /img/svg/arrow_right.svg [36m304 [0m0.446 ms - -[0m
[0mGET /img/svg/arrow_left.svg [36m304 [0m0.352 ms - -[0m
[0mGET /js/bootstrap.min.js.map [33m404 [0m5.024 ms - 1012[0m
[0mGET /css/bootstrap.min.css.map [33m404 [0m4.948 ms - 1012[0m
[0mGET / [36m304 [0m0.455 ms - -[0m
[0mGET /css/bootstrap.min.css [36m304 [0m0.392 ms - -[0m
[0mGET /css/mdb.min.css [36m304 [0m0.461 ms - -[0m
[0mGET /css/style.css [36m304 [0m0.418 ms - -[0m
[0mGET /js/jquery-3.3.1.min.js [36m304 [0m0.384 ms - -[0m
[0mGET /img/education1.jpg [36m304 [0m0.292 ms - -[0m
[0mGET /img/education2.jpg [36m304 [0m0.366 ms - -[0m
[0mGET /js/popper.min.js [36m304 [0m0.378 ms - -[0m
[0mGET /js/bootstrap.min.js [36m304 [0m0.434 ms - -[0m
[0mGET /js/mdb.js [36m304 [0m0.457 ms - -[0m
[0mGET /img/education3.jpg [36m304 [0m0.395 ms - -[0m
[0mGET /font/roboto/Roboto-Light.woff2 [36m304 [0m0.387 ms - -[0m
[0mGET /font/roboto/Roboto-Bold.woff2 [36m304 [0m0.375 ms - -[0m
[0mGET /font/roboto/Roboto-Regular.woff2 [36m304 [0m0.377 ms - -[0m
[0mGET /css/img/logo.png [33m404 [0m4.795 ms - 1012[0m
[0mGET /img/svg/arrow_right.svg [36m304 [0m0.349 ms - -[0m
[0mGET /img/svg/arrow_left.svg [36m304 [0m0.351 ms - -[0m
[0mGET /img/f3.jpg [36m304 [0m0.360 ms - -[0m
[0mGET /img/f1.jpg [36m304 [0m0.438 ms - -[0m
[0mGET /img/f2.jpg [36m304 [0m0.400 ms - -[0m
[0mGET /img/f4.jpg [36m304 [0m0.368 ms - -[0m
[0mGET /css/bootstrap.min.css.map [33m404 [0m5.458 ms - 1012[0m
[0mGET /js/bootstrap.min.js.map [33m404 [0m5.631 ms - 1012[0m
